<?xml version="1.0" encoding="UTF-8"?>
<!-- Generated by org.testng.reporters.JUnitReportReporter -->
<testsuite hostname="LAPTOP-6DHJKUJ7" failures="0" tests="4" name="restAssured.DataDriven_RestAssured" time="4.237" errors="0" timestamp="2022-07-11T13:50:02 EDT" skipped="0">
  <testcase classname="restAssured.DataDriven_RestAssured" name="CreateUser" time="0.597"/>
  <system-out/>
  <testcase classname="restAssured.DataDriven_RestAssured" name="CreateUser" time="2.778"/>
  <system-out/>
  <testcase classname="restAssured.DataDriven_RestAssured" name="CreateUser" time="0.399"/>
  <system-out/>
  <testcase classname="restAssured.DataDriven_RestAssured" name="CreateUser" time="0.463"/>
  <system-out/>
</testsuite> <!-- restAssured.DataDriven_RestAssured -->
