<?xml version="1.0" encoding="UTF-8"?>
<!-- Generated by org.testng.reporters.JUnitReportReporter -->
<testsuite hostname="LAPTOP-6DHJKUJ7" failures="0" tests="1" name="restAssured.GetAllList" time="3.284" errors="0" timestamp="2022-07-13T12:46:50 EDT" skipped="0">
  <testcase classname="restAssured.GetAllList" name="getAllUsers" time="3.284"/>
  <system-out/>
</testsuite> <!-- restAssured.GetAllList -->
