<?xml version="1.0" encoding="UTF-8"?>
<!-- Generated by org.testng.reporters.JUnitReportReporter -->
<testsuite hostname="LAPTOP-6DHJKUJ7" failures="0" tests="2" name="restAssured.Get_Test01" time="2.222" errors="0" timestamp="2022-07-11T11:23:12 EDT" skipped="0">
  <testcase classname="restAssured.Get_Test01" name="getAllUsers" time="2.081"/>
  <system-out/>
  <testcase classname="restAssured.Get_Test01" name="test_01" time="0.141"/>
  <system-out/>
</testsuite> <!-- restAssured.Get_Test01 -->
