<?xml version="1.0" encoding="UTF-8"?>
<!-- Generated by org.testng.reporters.JUnitReportReporter -->
<testsuite hostname="LAPTOP-6DHJKUJ7" failures="0" tests="1" name="restAssured.PostRequest_Create" time="2.455" errors="0" timestamp="2022-07-11T13:09:40 EDT" skipped="0">
  <testcase classname="restAssured.PostRequest_Create" name="UpdateUser" time="2.455"/>
  <system-out/>
</testsuite> <!-- restAssured.PostRequest_Create -->
