<?xml version="1.0" encoding="UTF-8"?>
<!-- Generated by org.testng.reporters.JUnitReportReporter -->
<testsuite hostname="LAPTOP-6DHJKUJ7" failures="0" tests="1" name="restAssured.DeleteRequest" time="1.717" errors="0" timestamp="2022-07-11T13:19:04 EDT" skipped="0">
  <testcase classname="restAssured.DeleteRequest" name="DeleteUser" time="1.717"/>
  <system-out/>
</testsuite> <!-- restAssured.DeleteRequest -->
