<?xml version="1.0" encoding="UTF-8"?>
<!-- Generated by org.testng.reporters.JUnitReportReporter -->
<testsuite hostname="LAPTOP-6DHJKUJ7" failures="0" tests="1" name="restAssured.Post" time="2.333" errors="0" timestamp="2022-07-11T12:09:08 EDT" skipped="0">
  <testcase classname="restAssured.Post" name="ceateList" time="2.333"/>
  <system-out/>
</testsuite> <!-- restAssured.Post -->
