<?xml version="1.0" encoding="UTF-8"?>
<!-- Generated by org.testng.reporters.JUnitReportReporter -->
<testsuite hostname="LAPTOP-6DHJKUJ7" failures="0" tests="1" name="restAssured.PatchRequest_Update" time="2.387" errors="0" timestamp="2022-07-11T13:14:33 EDT" skipped="0">
  <testcase classname="restAssured.PatchRequest_Update" name="PatchUser" time="2.387"/>
  <system-out/>
</testsuite> <!-- restAssured.PatchRequest_Update -->
